2020-10-16 10:40:16.828096 >>> {command: get_health}
2020-10-16 10:40:16.858755 <<< {isError: false, response: {status: ok}, type: _extensionType, method: ext.flutter.driver}
2020-10-16 10:40:16.860188 >>> {command: waitFor, finderType: ByValueKey, keyValueString: movie-list, keyValueType: String}
2020-10-16 10:40:16.862278 <<< {isError: false, response: {}, type: _extensionType, method: ext.flutter.driver}
2020-10-16 10:40:16.863509 >>> {command: tap, finderType: ByText, text: The Last Black Man in San Francisco}
2020-10-16 10:40:16.932876 <<< {isError: false, response: {}, type: _extensionType, method: ext.flutter.driver}
2020-10-16 10:40:16.933593 >>> {command: waitFor, finderType: ByText, text: Remaining Money: 82.0}
2020-10-16 10:40:17.155580 <<< {isError: false, response: {}, type: _extensionType, method: ext.flutter.driver}
2020-10-16 10:40:17.156265 >>> {command: tap, finderType: ByText, text: The Last Black Man in San Francisco}
2020-10-16 10:40:17.166516 <<< {isError: false, response: {}, type: _extensionType, method: ext.flutter.driver}
2020-10-16 10:40:17.167113 >>> {command: tap, finderType: ByText, text: The Last Black Man in San Francisco}
2020-10-16 10:40:17.389982 <<< {isError: false, response: {}, type: _extensionType, method: ext.flutter.driver}
2020-10-16 10:40:17.390785 >>> {command: tap, finderType: ByText, text: The Last Black Man in San Francisco}
2020-10-16 10:40:17.621670 <<< {isError: false, response: {}, type: _extensionType, method: ext.flutter.driver}
2020-10-16 10:40:17.622772 >>> {command: tap, finderType: ByText, text: The Last Black Man in San Francisco}
2020-10-16 10:40:17.840126 <<< {isError: false, response: {}, type: _extensionType, method: ext.flutter.driver}
2020-10-16 10:40:17.841 >>> {command: tap, finderType: ByText, text: The Last Black Man in San Francisco}
2020-10-16 10:40:18.079450 <<< {isError: false, response: {}, type: _extensionType, method: ext.flutter.driver}
2020-10-16 10:40:18.080212 >>> {command: get_text, finderType: ByValueKey, keyValueString: info-dialog, keyValueType: String}
2020-10-16 10:40:18.311913 <<< {isError: true, response: Uncaught extension error while executing get_text: Unsupported operation: Type AlertDialog is currently not supported by getText
#0      FlutterDriverExtension._getText (package:flutter_driver/src/extension/extension.dart:644:7)
<asynchronous suspension>
#1      FlutterDriverExtension.call (package:flutter_driver/src/extension/extension.dart:270:53)
#2      BindingBase.registerServiceExtension.<anonymous closure> (package:flutter/src/foundation/binding.dart:547:32)
<asynchronous suspension>
#3      BindingBase.registerServiceExtension.<anonymous closure> (package:flutter/src/foundation/binding.dart)
#4      _runExtension (dart:developer-patch/developer.dart:84:23)
, type: _extensionType, method: ext.flutter.driver}
2020-10-16 10:42:27.171760 >>> {command: get_health}
2020-10-16 10:42:27.202456 <<< {isError: false, response: {status: ok}, type: _extensionType, method: ext.flutter.driver}
2020-10-16 10:42:27.204232 >>> {command: waitFor, finderType: ByValueKey, keyValueString: movie-list, keyValueType: String}
2020-10-16 10:42:27.206544 <<< {isError: false, response: {}, type: _extensionType, method: ext.flutter.driver}
2020-10-16 10:42:27.207993 >>> {command: tap, finderType: ByText, text: The Last Black Man in San Francisco}
2020-10-16 10:42:27.286037 <<< {isError: false, response: {}, type: _extensionType, method: ext.flutter.driver}
2020-10-16 10:42:27.287051 >>> {command: waitFor, finderType: ByText, text: Remaining Money: 82.0}
2020-10-16 10:42:27.499215 <<< {isError: false, response: {}, type: _extensionType, method: ext.flutter.driver}
2020-10-16 10:42:27.500098 >>> {command: tap, finderType: ByText, text: The Last Black Man in San Francisco}
2020-10-16 10:42:27.511367 <<< {isError: false, response: {}, type: _extensionType, method: ext.flutter.driver}
2020-10-16 10:42:27.511916 >>> {command: tap, finderType: ByText, text: The Last Black Man in San Francisco}
2020-10-16 10:42:27.719902 <<< {isError: false, response: {}, type: _extensionType, method: ext.flutter.driver}
2020-10-16 10:42:27.720837 >>> {command: tap, finderType: ByText, text: The Last Black Man in San Francisco}
2020-10-16 10:42:27.957329 <<< {isError: false, response: {}, type: _extensionType, method: ext.flutter.driver}
2020-10-16 10:42:27.958185 >>> {command: tap, finderType: ByText, text: The Last Black Man in San Francisco}
2020-10-16 10:42:28.172315 <<< {isError: false, response: {}, type: _extensionType, method: ext.flutter.driver}
2020-10-16 10:42:28.173154 >>> {command: tap, finderType: ByText, text: The Last Black Man in San Francisco}
2020-10-16 10:42:28.410217 <<< {isError: false, response: {}, type: _extensionType, method: ext.flutter.driver}
2020-10-16 10:42:28.411008 >>> {command: waitFor, finderType: ByText, text: Your last purchase for The Last Black Man in San Francisco
was not successful.

Your remaining cash is 10.0.

Please either try again after topping up your account or buy a movie in your price range.}
2020-10-16 10:42:28.626753 <<< {isError: false, response: {}, type: _extensionType, method: ext.flutter.driver}
2020-10-16 10:47:12.668553 >>> {command: get_health}
2020-10-16 10:47:12.671338 <<< {isError: false, response: {status: ok}, type: _extensionType, method: ext.flutter.driver}
2020-10-16 10:47:12.673813 >>> {command: waitFor, finderType: ByValueKey, keyValueString: movie-list, keyValueType: String}
2020-10-16 10:47:12.677482 <<< {isError: false, response: {}, type: _extensionType, method: ext.flutter.driver}
2020-10-16 10:47:12.679343 >>> {command: tap, finderType: ByText, text: The Last Black Man in San Francisco}
2020-10-16 10:47:12.771028 <<< {isError: false, response: {}, type: _extensionType, method: ext.flutter.driver}
2020-10-16 10:47:12.771492 >>> {command: waitFor, finderType: ByText, text: Remaining Money: 82.0}
2020-10-16 10:47:12.998452 <<< {isError: false, response: {}, type: _extensionType, method: ext.flutter.driver}
2020-10-16 10:47:12.999336 >>> {command: tap, finderType: ByText, text: The Last Black Man in San Francisco}
2020-10-16 10:47:13.013896 <<< {isError: false, response: {}, type: _extensionType, method: ext.flutter.driver}
2020-10-16 10:47:13.014452 >>> {command: tap, finderType: ByText, text: The Last Black Man in San Francisco}
2020-10-16 10:47:13.249960 <<< {isError: false, response: {}, type: _extensionType, method: ext.flutter.driver}
2020-10-16 10:47:13.250602 >>> {command: tap, finderType: ByText, text: The Last Black Man in San Francisco}
2020-10-16 10:47:13.483142 <<< {isError: false, response: {}, type: _extensionType, method: ext.flutter.driver}
2020-10-16 10:47:13.483711 >>> {command: tap, finderType: ByText, text: The Last Black Man in San Francisco}
2020-10-16 10:47:13.699909 <<< {isError: false, response: {}, type: _extensionType, method: ext.flutter.driver}
2020-10-16 10:47:13.700536 >>> {command: tap, finderType: ByText, text: The Last Black Man in San Francisco}
2020-10-16 10:47:13.940999 <<< {isError: false, response: {}, type: _extensionType, method: ext.flutter.driver}
2020-10-16 10:47:13.941873 >>> {command: waitFor, finderType: ByText, text: Your last purchase for The Last Black Man in San Francisco
was not successful.

Your remaining cash is 10.0.

Please either try again after topping up your account or buy a movie in your price range.}
2020-10-16 10:47:14.164900 <<< {isError: false, response: {}, type: _extensionType, method: ext.flutter.driver}
